
*** Running vivado
    with args -log OV7670_VGA_Display.vds -m64 -product Vivado -mode batch -messageDb vivado.pb -notrace -source OV7670_VGA_Display.tcl



****** Vivado v2020.2 (64-bit)
  **** SW Build 3064766 on Wed Nov 18 09:12:45 MST 2020
  **** IP Build 3064653 on Wed Nov 18 14:17:31 MST 2020
    ** Copyright 1986-2020 Xilinx, Inc. All Rights Reserved.

source OV7670_VGA_Display.tcl -notrace
Command: synth_design -top OV7670_VGA_Display -part xc7a35tcpg236-1
Starting synth_design
Attempting to get a license for feature 'Synthesis' and/or device 'xc7a35t'
INFO: [Common 17-349] Got license for feature 'Synthesis' and/or device 'xc7a35t'
INFO: [Device 21-403] Loading part xc7a35tcpg236-1
INFO: [Synth 8-7079] Multithreading enabled for synth_design using a maximum of 2 processes.
INFO: [Synth 8-7078] Launching helper process for spawning children vivado processes
INFO: [Synth 8-7075] Helper process launched with PID 18372
---------------------------------------------------------------------------------
Starting RTL Elaboration : Time (s): cpu = 00:00:00 ; elapsed = 00:00:03 . Memory (MB): peak = 1105.867 ; gain = 0.000
---------------------------------------------------------------------------------
INFO: [Synth 8-6157] synthesizing module 'OV7670_VGA_Display' [C:/Working/CPU/20250602_chromakey1/20250602_chromakey1.srcs/sources_1/imports/20250602_chromakey/OV7670_VGA_Display.sv:3]
INFO: [Synth 8-6157] synthesizing module 'btn_debounce' [C:/Working/CPU/20250602_chromakey1/20250602_chromakey1.srcs/sources_1/imports/btn/btn_debounce.v:3]
WARNING: [Synth 8-567] referenced signal 'q_reg' should be on the sensitivity list [C:/Working/CPU/20250602_chromakey1/20250602_chromakey1.srcs/sources_1/imports/btn/btn_debounce.v:48]
INFO: [Synth 8-6155] done synthesizing module 'btn_debounce' (1#1) [C:/Working/CPU/20250602_chromakey1/20250602_chromakey1.srcs/sources_1/imports/btn/btn_debounce.v:3]
INFO: [Synth 8-6157] synthesizing module 'SCCB_intf' [C:/Working/CPU/20250602_chromakey1/20250602_chromakey1.srcs/sources_1/new/SCCB_intf.sv:4]
INFO: [Synth 8-6157] synthesizing module 'I2C_clk_gen' [C:/Working/CPU/20250602_chromakey1/20250602_chromakey1.srcs/sources_1/new/SCCB_intf.sv:299]
INFO: [Synth 8-6155] done synthesizing module 'I2C_clk_gen' (2#1) [C:/Working/CPU/20250602_chromakey1/20250602_chromakey1.srcs/sources_1/new/SCCB_intf.sv:299]
INFO: [Synth 8-6157] synthesizing module 'SCCB_controlUnit' [C:/Working/CPU/20250602_chromakey1/20250602_chromakey1.srcs/sources_1/new/SCCB_intf.sv:46]
INFO: [Synth 8-155] case statement is not full and has no default [C:/Working/CPU/20250602_chromakey1/20250602_chromakey1.srcs/sources_1/new/SCCB_intf.sv:100]
INFO: [Synth 8-155] case statement is not full and has no default [C:/Working/CPU/20250602_chromakey1/20250602_chromakey1.srcs/sources_1/new/SCCB_intf.sv:200]
INFO: [Synth 8-155] case statement is not full and has no default [C:/Working/CPU/20250602_chromakey1/20250602_chromakey1.srcs/sources_1/new/SCCB_intf.sv:224]
INFO: [Synth 8-155] case statement is not full and has no default [C:/Working/CPU/20250602_chromakey1/20250602_chromakey1.srcs/sources_1/new/SCCB_intf.sv:248]
INFO: [Synth 8-155] case statement is not full and has no default [C:/Working/CPU/20250602_chromakey1/20250602_chromakey1.srcs/sources_1/new/SCCB_intf.sv:275]
INFO: [Synth 8-155] case statement is not full and has no default [C:/Working/CPU/20250602_chromakey1/20250602_chromakey1.srcs/sources_1/new/SCCB_intf.sv:183]
INFO: [Synth 8-6155] done synthesizing module 'SCCB_controlUnit' (3#1) [C:/Working/CPU/20250602_chromakey1/20250602_chromakey1.srcs/sources_1/new/SCCB_intf.sv:46]
INFO: [Synth 8-6157] synthesizing module 'OV7670_config_rom' [C:/Working/CPU/20250602_chromakey1/20250602_chromakey1.srcs/sources_1/new/SCCB_intf.sv:330]
INFO: [Synth 8-6155] done synthesizing module 'OV7670_config_rom' (4#1) [C:/Working/CPU/20250602_chromakey1/20250602_chromakey1.srcs/sources_1/new/SCCB_intf.sv:330]
INFO: [Synth 8-6155] done synthesizing module 'SCCB_intf' (5#1) [C:/Working/CPU/20250602_chromakey1/20250602_chromakey1.srcs/sources_1/new/SCCB_intf.sv:4]
INFO: [Synth 8-6157] synthesizing module 'pixel_clk_gen' [C:/Working/CPU/20250602_chromakey1/20250602_chromakey1.srcs/sources_1/imports/20250602_chromakey/VGA_Controller.sv:45]
INFO: [Synth 8-6155] done synthesizing module 'pixel_clk_gen' (6#1) [C:/Working/CPU/20250602_chromakey1/20250602_chromakey1.srcs/sources_1/imports/20250602_chromakey/VGA_Controller.sv:45]
INFO: [Synth 8-6157] synthesizing module 'VGA_Controller' [C:/Working/CPU/20250602_chromakey1/20250602_chromakey1.srcs/sources_1/imports/20250602_chromakey/VGA_Controller.sv:3]
INFO: [Synth 8-6157] synthesizing module 'pixel_counter' [C:/Working/CPU/20250602_chromakey1/20250602_chromakey1.srcs/sources_1/imports/20250602_chromakey/VGA_Controller.sv:68]
	Parameter H_MAX bound to: 800 - type: integer 
	Parameter V_MAX bound to: 525 - type: integer 
INFO: [Synth 8-6155] done synthesizing module 'pixel_counter' (7#1) [C:/Working/CPU/20250602_chromakey1/20250602_chromakey1.srcs/sources_1/imports/20250602_chromakey/VGA_Controller.sv:68]
INFO: [Synth 8-6157] synthesizing module 'vga_decoder' [C:/Working/CPU/20250602_chromakey1/20250602_chromakey1.srcs/sources_1/imports/20250602_chromakey/VGA_Controller.sv:103]
	Parameter H_Visible_area bound to: 640 - type: integer 
	Parameter H_Front_porch bound to: 16 - type: integer 
	Parameter H_Sync_pulse bound to: 96 - type: integer 
	Parameter H_Back_porch bound to: 48 - type: integer 
	Parameter H_Whole_line bound to: 800 - type: integer 
	Parameter V_Visible_area bound to: 480 - type: integer 
	Parameter V_Front_porch bound to: 10 - type: integer 
	Parameter V_Sync_pulse bound to: 2 - type: integer 
	Parameter V_Back_porch bound to: 33 - type: integer 
	Parameter V_Whole_frame bound to: 525 - type: integer 
INFO: [Synth 8-6155] done synthesizing module 'vga_decoder' (8#1) [C:/Working/CPU/20250602_chromakey1/20250602_chromakey1.srcs/sources_1/imports/20250602_chromakey/VGA_Controller.sv:103]
INFO: [Synth 8-6155] done synthesizing module 'VGA_Controller' (9#1) [C:/Working/CPU/20250602_chromakey1/20250602_chromakey1.srcs/sources_1/imports/20250602_chromakey/VGA_Controller.sv:3]
INFO: [Synth 8-6157] synthesizing module 'OV7670_MemController' [C:/Working/CPU/20250602_chromakey1/20250602_chromakey1.srcs/sources_1/imports/20250602_chromakey/OV7670_MemController.sv:3]
INFO: [Synth 8-6155] done synthesizing module 'OV7670_MemController' (10#1) [C:/Working/CPU/20250602_chromakey1/20250602_chromakey1.srcs/sources_1/imports/20250602_chromakey/OV7670_MemController.sv:3]
INFO: [Synth 8-6157] synthesizing module 'FrameBuffer' [C:/Working/CPU/20250602_chromakey1/20250602_chromakey1.srcs/sources_1/imports/20250602_chromakey/frame_buffer.sv:1]
INFO: [Synth 8-6155] done synthesizing module 'FrameBuffer' (11#1) [C:/Working/CPU/20250602_chromakey1/20250602_chromakey1.srcs/sources_1/imports/20250602_chromakey/frame_buffer.sv:1]
INFO: [Synth 8-6157] synthesizing module 'filter' [C:/Working/CPU/20250602_chromakey1/20250602_chromakey1.srcs/sources_1/new/filter.sv:3]
INFO: [Synth 8-6155] done synthesizing module 'filter' (12#1) [C:/Working/CPU/20250602_chromakey1/20250602_chromakey1.srcs/sources_1/new/filter.sv:3]
INFO: [Synth 8-6157] synthesizing module 'QVGA_MemController' [C:/Working/CPU/20250602_chromakey1/20250602_chromakey1.srcs/sources_1/imports/20250602_chromakey/QVGA_MemController.sv:3]
INFO: [Synth 8-6155] done synthesizing module 'QVGA_MemController' (13#1) [C:/Working/CPU/20250602_chromakey1/20250602_chromakey1.srcs/sources_1/imports/20250602_chromakey/QVGA_MemController.sv:3]
INFO: [Synth 8-6155] done synthesizing module 'OV7670_VGA_Display' (14#1) [C:/Working/CPU/20250602_chromakey1/20250602_chromakey1.srcs/sources_1/imports/20250602_chromakey/OV7670_VGA_Display.sv:3]
---------------------------------------------------------------------------------
Finished RTL Elaboration : Time (s): cpu = 00:00:01 ; elapsed = 00:00:04 . Memory (MB): peak = 1105.867 ; gain = 0.000
---------------------------------------------------------------------------------
---------------------------------------------------------------------------------
Start Handling Custom Attributes
---------------------------------------------------------------------------------
---------------------------------------------------------------------------------
Finished Handling Custom Attributes : Time (s): cpu = 00:00:01 ; elapsed = 00:00:04 . Memory (MB): peak = 1105.867 ; gain = 0.000
---------------------------------------------------------------------------------
---------------------------------------------------------------------------------
Finished RTL Optimization Phase 1 : Time (s): cpu = 00:00:01 ; elapsed = 00:00:04 . Memory (MB): peak = 1105.867 ; gain = 0.000
---------------------------------------------------------------------------------
Netlist sorting complete. Time (s): cpu = 00:00:00 ; elapsed = 00:00:00.009 . Memory (MB): peak = 1105.867 ; gain = 0.000
INFO: [Project 1-570] Preparing netlist for logic optimization

Processing XDC Constraints
Initializing timing engine
Parsing XDC File [C:/Working/CPU/20250602_chromakey1/20250602_chromakey1.srcs/constrs_1/imports/Working/Basys-3-Master.xdc]
Finished Parsing XDC File [C:/Working/CPU/20250602_chromakey1/20250602_chromakey1.srcs/constrs_1/imports/Working/Basys-3-Master.xdc]
INFO: [Project 1-236] Implementation specific constraints were found while reading constraint file [C:/Working/CPU/20250602_chromakey1/20250602_chromakey1.srcs/constrs_1/imports/Working/Basys-3-Master.xdc]. These constraints will be ignored for synthesis but will be used in implementation. Impacted constraints are listed in the file [.Xil/OV7670_VGA_Display_propImpl.xdc].
Resolution: To avoid this warning, move constraints listed in [.Xil/OV7670_VGA_Display_propImpl.xdc] to another XDC file and exclude this new file from synthesis with the used_in_synthesis property (File Properties dialog in GUI) and re-run elaboration/synthesis.
Completed Processing XDC Constraints

Netlist sorting complete. Time (s): cpu = 00:00:00 ; elapsed = 00:00:00 . Memory (MB): peak = 1178.238 ; gain = 0.000
INFO: [Project 1-111] Unisim Transformation Summary:
No Unisim elements were transformed.

Constraint Validation Runtime : Time (s): cpu = 00:00:00 ; elapsed = 00:00:00.002 . Memory (MB): peak = 1178.238 ; gain = 0.000
---------------------------------------------------------------------------------
Finished Constraint Validation : Time (s): cpu = 00:00:02 ; elapsed = 00:00:08 . Memory (MB): peak = 1178.238 ; gain = 72.371
---------------------------------------------------------------------------------
---------------------------------------------------------------------------------
Start Loading Part and Timing Information
---------------------------------------------------------------------------------
Loading part: xc7a35tcpg236-1
---------------------------------------------------------------------------------
Finished Loading Part and Timing Information : Time (s): cpu = 00:00:02 ; elapsed = 00:00:08 . Memory (MB): peak = 1178.238 ; gain = 72.371
---------------------------------------------------------------------------------
---------------------------------------------------------------------------------
Start Applying 'set_property' XDC Constraints
---------------------------------------------------------------------------------
---------------------------------------------------------------------------------
Finished applying 'set_property' XDC Constraints : Time (s): cpu = 00:00:02 ; elapsed = 00:00:08 . Memory (MB): peak = 1178.238 ; gain = 72.371
---------------------------------------------------------------------------------
INFO: [Synth 8-802] inferred FSM for state register 'scl_state_reg' in module 'SCCB_controlUnit'
INFO: [Synth 8-802] inferred FSM for state register 'sda_state_reg' in module 'SCCB_controlUnit'
---------------------------------------------------------------------------------------------------
                   State |                     New Encoding |                Previous Encoding 
---------------------------------------------------------------------------------------------------
                SDA_IDLE |                           000001 | 00000000000000000000000000000000
               SDA_START |                           000010 | 00000000000000000000000000000001
               DEVICE_ID |                           000100 | 00000000000000000000000000000010
             ADDRESS_REG |                           001000 | 00000000000000000000000000000011
                DATA_REG |                           010000 | 00000000000000000000000000000100
                SDA_STOP |                           100000 | 00000000000000000000000000000101
---------------------------------------------------------------------------------------------------
INFO: [Synth 8-3354] encoded FSM with state register 'sda_state_reg' using encoding 'one-hot' in module 'SCCB_controlUnit'
---------------------------------------------------------------------------------------------------
                   State |                     New Encoding |                Previous Encoding 
---------------------------------------------------------------------------------------------------
                SCL_IDLE |                              000 | 00000000000000000000000000000000
               SCL_START |                              001 | 00000000000000000000000000000001
                 SCL_H2L |                              010 | 00000000000000000000000000000010
                 SCL_L2L |                              011 | 00000000000000000000000000000011
                 SCL_L2H |                              100 | 00000000000000000000000000000100
                SCL_STOP |                              101 | 00000000000000000000000000000110
                 SCL_H2H |                              110 | 00000000000000000000000000000101
---------------------------------------------------------------------------------------------------
INFO: [Synth 8-3354] encoded FSM with state register 'scl_state_reg' using encoding 'sequential' in module 'SCCB_controlUnit'
INFO: [Synth 8-3971] The signal "FrameBuffer:/mem_reg" was recognized as a true dual port RAM template.
---------------------------------------------------------------------------------
Finished RTL Optimization Phase 2 : Time (s): cpu = 00:00:03 ; elapsed = 00:00:08 . Memory (MB): peak = 1178.238 ; gain = 72.371
---------------------------------------------------------------------------------
---------------------------------------------------------------------------------
Start RTL Component Statistics 
---------------------------------------------------------------------------------
Detailed RTL Component Info : 
+---Adders : 
	   2 Input   17 Bit       Adders := 1     
	   2 Input   10 Bit       Adders := 3     
	   2 Input    9 Bit       Adders := 1     
	   2 Input    8 Bit       Adders := 1     
	   3 Input    8 Bit       Adders := 1     
	   2 Input    7 Bit       Adders := 1     
	   2 Input    6 Bit       Adders := 1     
	   3 Input    6 Bit       Adders := 2     
	   2 Input    4 Bit       Adders := 1     
	   2 Input    2 Bit       Adders := 2     
+---Registers : 
	               17 Bit    Registers := 1     
	               16 Bit    Registers := 4     
	               10 Bit    Registers := 3     
	                9 Bit    Registers := 1     
	                8 Bit    Registers := 2     
	                7 Bit    Registers := 1     
	                6 Bit    Registers := 2     
	                2 Bit    Registers := 2     
	                1 Bit    Registers := 10    
+---RAMs : 
	            1200K Bit	(76800 X 16 bit)          RAMs := 1     
+---ROMs : 
	                    ROMs := 1     
+---Muxes : 
	   6 Input   32 Bit        Muxes := 1     
	   2 Input   17 Bit        Muxes := 2     
	   3 Input   16 Bit        Muxes := 1     
	   2 Input   16 Bit        Muxes := 1     
	   2 Input   10 Bit        Muxes := 1     
	   2 Input    9 Bit        Muxes := 1     
	   2 Input    8 Bit        Muxes := 1     
	   2 Input    6 Bit        Muxes := 2     
	   6 Input    6 Bit        Muxes := 2     
	   2 Input    4 Bit        Muxes := 9     
	   7 Input    3 Bit        Muxes := 1     
	   2 Input    3 Bit        Muxes := 1     
	   2 Input    2 Bit        Muxes := 2     
	   2 Input    1 Bit        Muxes := 14    
	   6 Input    1 Bit        Muxes := 8     
	   7 Input    1 Bit        Muxes := 5     
	   4 Input    1 Bit        Muxes := 6     
	   5 Input    1 Bit        Muxes := 4     
	   3 Input    1 Bit        Muxes := 1     
---------------------------------------------------------------------------------
Finished RTL Component Statistics 
---------------------------------------------------------------------------------
---------------------------------------------------------------------------------
Start Part Resource Summary
---------------------------------------------------------------------------------
Part Resources:
DSPs: 90 (col length:60)
BRAMs: 100 (col length: RAMB18 60 RAMB36 30)
---------------------------------------------------------------------------------
Finished Part Resource Summary
---------------------------------------------------------------------------------
---------------------------------------------------------------------------------
Start Cross Boundary and Area Optimization
---------------------------------------------------------------------------------
DSP Report: Generating DSP U_QVGA_MemController/rAddr0, operation Mode is: C+A*(B:0x140).
DSP Report: operator U_QVGA_MemController/rAddr0 is absorbed into DSP U_QVGA_MemController/rAddr0.
DSP Report: operator U_QVGA_MemController/rAddr1 is absorbed into DSP U_QVGA_MemController/rAddr0.
---------------------------------------------------------------------------------
Finished Cross Boundary and Area Optimization : Time (s): cpu = 00:00:04 ; elapsed = 00:00:10 . Memory (MB): peak = 1178.238 ; gain = 72.371
---------------------------------------------------------------------------------
---------------------------------------------------------------------------------
Start ROM, RAM, DSP, Shift Register and Retiming Reporting
---------------------------------------------------------------------------------

ROM: Preliminary Mapping	Report
+-------------------+---------------------------------+---------------+----------------+
|Module Name        | RTL Object                      | Depth x Width | Implemented As | 
+-------------------+---------------------------------+---------------+----------------+
|OV7670_VGA_Display | U_SCCB/U_OV7670_config_rom/dout | 256x16        | Block RAM      | 
+-------------------+---------------------------------+---------------+----------------+


Block RAM: Preliminary Mapping	Report (see note below)
+-------------------+-----------------------+------------------------+---+---+------------------------+---+---+------------------+--------+--------+
|Module Name        | RTL Object            | PORT A (Depth x Width) | W | R | PORT B (Depth x Width) | W | R | Ports driving FF | RAMB18 | RAMB36 | 
+-------------------+-----------------------+------------------------+---+---+------------------------+---+---+------------------+--------+--------+
|OV7670_VGA_Display | U_FRAMEBUFFER/mem_reg | 75 K x 16(READ_FIRST)  | W | R | 75 K x 16(WRITE_FIRST) |   | R | Port A and B     | 0      | 48     | 
+-------------------+-----------------------+------------------------+---+---+------------------------+---+---+------------------+--------+--------+

Note: The table above is a preliminary report that shows the Block RAMs at the current stage of the synthesis flow. Some Block RAMs may be reimplemented as non Block RAM primitives later in the synthesis flow. Multiple instantiated Block RAMs are reported only once. 

DSP: Preliminary Mapping	Report (see note below)
+-------------------+---------------+--------+--------+--------+--------+--------+------+------+------+------+-------+------+------+
|Module Name        | DSP Mapping   | A Size | B Size | C Size | D Size | P Size | AREG | BREG | CREG | DREG | ADREG | MREG | PREG | 
+-------------------+---------------+--------+--------+--------+--------+--------+------+------+------+------+-------+------+------+
|QVGA_MemController | C+A*(B:0x140) | 10     | 9      | 10     | -      | 17     | 0    | 0    | 0    | -    | -     | 0    | 0    | 
+-------------------+---------------+--------+--------+--------+--------+--------+------+------+------+------+-------+------+------+

Note: The table above is a preliminary report that shows the DSPs inferred at the current stage of the synthesis flow. Some DSP may be reimplemented as non DSP primitives later in the synthesis flow. Multiple instantiated DSPs are reported only once.
---------------------------------------------------------------------------------
Finished ROM, RAM, DSP, Shift Register and Retiming Reporting
---------------------------------------------------------------------------------
---------------------------------------------------------------------------------
Start Applying XDC Timing Constraints
---------------------------------------------------------------------------------
---------------------------------------------------------------------------------
Finished Applying XDC Timing Constraints : Time (s): cpu = 00:00:06 ; elapsed = 00:00:17 . Memory (MB): peak = 1202.539 ; gain = 96.672
---------------------------------------------------------------------------------
---------------------------------------------------------------------------------
Start Timing Optimization
---------------------------------------------------------------------------------
---------------------------------------------------------------------------------
Finished Timing Optimization : Time (s): cpu = 00:00:06 ; elapsed = 00:00:17 . Memory (MB): peak = 1204.762 ; gain = 98.895
---------------------------------------------------------------------------------
---------------------------------------------------------------------------------
Start ROM, RAM, DSP, Shift Register and Retiming Reporting
---------------------------------------------------------------------------------

Block RAM: Final Mapping	Report
+-------------------+-----------------------+------------------------+---+---+------------------------+---+---+------------------+--------+--------+
|Module Name        | RTL Object            | PORT A (Depth x Width) | W | R | PORT B (Depth x Width) | W | R | Ports driving FF | RAMB18 | RAMB36 | 
+-------------------+-----------------------+------------------------+---+---+------------------------+---+---+------------------+--------+--------+
|OV7670_VGA_Display | U_FRAMEBUFFER/mem_reg | 75 K x 16(READ_FIRST)  | W | R | 75 K x 16(WRITE_FIRST) |   | R | Port A and B     | 0      | 48     | 
+-------------------+-----------------------+------------------------+---+---+------------------------+---+---+------------------+--------+--------+

---------------------------------------------------------------------------------
Finished ROM, RAM, DSP, Shift Register and Retiming Reporting
---------------------------------------------------------------------------------
---------------------------------------------------------------------------------
Start Technology Mapping
---------------------------------------------------------------------------------
INFO: [Synth 8-7052] The timing for the instance U_FRAMEBUFFER/mem_reg_1_0 (implemented as a Block RAM) might be sub-optimal as no optional output register could be merged into the ram block. Providing additional output register may help in improving timing.
INFO: [Synth 8-7052] The timing for the instance U_FRAMEBUFFER/mem_reg_1_1 (implemented as a Block RAM) might be sub-optimal as no optional output register could be merged into the ram block. Providing additional output register may help in improving timing.
INFO: [Synth 8-7052] The timing for the instance U_FRAMEBUFFER/mem_reg_1_1 (implemented as a Block RAM) might be sub-optimal as no optional output register could be merged into the ram block. Providing additional output register may help in improving timing.
INFO: [Synth 8-7052] The timing for the instance U_FRAMEBUFFER/mem_reg_1_2 (implemented as a Block RAM) might be sub-optimal as no optional output register could be merged into the ram block. Providing additional output register may help in improving timing.
INFO: [Synth 8-7052] The timing for the instance U_FRAMEBUFFER/mem_reg_1_2 (implemented as a Block RAM) might be sub-optimal as no optional output register could be merged into the ram block. Providing additional output register may help in improving timing.
INFO: [Synth 8-7052] The timing for the instance U_FRAMEBUFFER/mem_reg_1_3 (implemented as a Block RAM) might be sub-optimal as no optional output register could be merged into the ram block. Providing additional output register may help in improving timing.
INFO: [Synth 8-7052] The timing for the instance U_FRAMEBUFFER/mem_reg_1_3 (implemented as a Block RAM) might be sub-optimal as no optional output register could be merged into the ram block. Providing additional output register may help in improving timing.
INFO: [Synth 8-7052] The timing for the instance U_FRAMEBUFFER/mem_reg_1_4 (implemented as a Block RAM) might be sub-optimal as no optional output register could be merged into the ram block. Providing additional output register may help in improving timing.
INFO: [Synth 8-7052] The timing for the instance U_FRAMEBUFFER/mem_reg_1_4 (implemented as a Block RAM) might be sub-optimal as no optional output register could be merged into the ram block. Providing additional output register may help in improving timing.
INFO: [Synth 8-7052] The timing for the instance U_FRAMEBUFFER/mem_reg_1_5 (implemented as a Block RAM) might be sub-optimal as no optional output register could be merged into the ram block. Providing additional output register may help in improving timing.
INFO: [Synth 8-7052] The timing for the instance U_FRAMEBUFFER/mem_reg_1_6 (implemented as a Block RAM) might be sub-optimal as no optional output register could be merged into the ram block. Providing additional output register may help in improving timing.
INFO: [Synth 8-7052] The timing for the instance U_FRAMEBUFFER/mem_reg_1_7 (implemented as a Block RAM) might be sub-optimal as no optional output register could be merged into the ram block. Providing additional output register may help in improving timing.
INFO: [Synth 8-7052] The timing for the instance U_FRAMEBUFFER/mem_reg_1_7 (implemented as a Block RAM) might be sub-optimal as no optional output register could be merged into the ram block. Providing additional output register may help in improving timing.
INFO: [Synth 8-7052] The timing for the instance U_FRAMEBUFFER/mem_reg_1_8 (implemented as a Block RAM) might be sub-optimal as no optional output register could be merged into the ram block. Providing additional output register may help in improving timing.
INFO: [Synth 8-7052] The timing for the instance U_FRAMEBUFFER/mem_reg_1_8 (implemented as a Block RAM) might be sub-optimal as no optional output register could be merged into the ram block. Providing additional output register may help in improving timing.
INFO: [Synth 8-7052] The timing for the instance U_FRAMEBUFFER/mem_reg_1_9 (implemented as a Block RAM) might be sub-optimal as no optional output register could be merged into the ram block. Providing additional output register may help in improving timing.
INFO: [Synth 8-7052] The timing for the instance U_FRAMEBUFFER/mem_reg_1_9 (implemented as a Block RAM) might be sub-optimal as no optional output register could be merged into the ram block. Providing additional output register may help in improving timing.
INFO: [Synth 8-7052] The timing for the instance U_FRAMEBUFFER/mem_reg_1_10 (implemented as a Block RAM) might be sub-optimal as no optional output register could be merged into the ram block. Providing additional output register may help in improving timing.
INFO: [Synth 8-7052] The timing for the instance U_FRAMEBUFFER/mem_reg_1_10 (implemented as a Block RAM) might be sub-optimal as no optional output register could be merged into the ram block. Providing additional output register may help in improving timing.
INFO: [Synth 8-7052] The timing for the instance U_FRAMEBUFFER/mem_reg_1_11 (implemented as a Block RAM) might be sub-optimal as no optional output register could be merged into the ram block. Providing additional output register may help in improving timing.
INFO: [Synth 8-7052] The timing for the instance U_FRAMEBUFFER/mem_reg_1_12 (implemented as a Block RAM) might be sub-optimal as no optional output register could be merged into the ram block. Providing additional output register may help in improving timing.
INFO: [Synth 8-7052] The timing for the instance U_FRAMEBUFFER/mem_reg_1_12 (implemented as a Block RAM) might be sub-optimal as no optional output register could be merged into the ram block. Providing additional output register may help in improving timing.
INFO: [Synth 8-7052] The timing for the instance U_FRAMEBUFFER/mem_reg_1_13 (implemented as a Block RAM) might be sub-optimal as no optional output register could be merged into the ram block. Providing additional output register may help in improving timing.
INFO: [Synth 8-7052] The timing for the instance U_FRAMEBUFFER/mem_reg_1_13 (implemented as a Block RAM) might be sub-optimal as no optional output register could be merged into the ram block. Providing additional output register may help in improving timing.
INFO: [Synth 8-7052] The timing for the instance U_FRAMEBUFFER/mem_reg_1_14 (implemented as a Block RAM) might be sub-optimal as no optional output register could be merged into the ram block. Providing additional output register may help in improving timing.
INFO: [Synth 8-7052] The timing for the instance U_FRAMEBUFFER/mem_reg_1_14 (implemented as a Block RAM) might be sub-optimal as no optional output register could be merged into the ram block. Providing additional output register may help in improving timing.
INFO: [Synth 8-7052] The timing for the instance U_FRAMEBUFFER/mem_reg_1_15 (implemented as a Block RAM) might be sub-optimal as no optional output register could be merged into the ram block. Providing additional output register may help in improving timing.
INFO: [Synth 8-7052] The timing for the instance U_FRAMEBUFFER/mem_reg_1_15 (implemented as a Block RAM) might be sub-optimal as no optional output register could be merged into the ram block. Providing additional output register may help in improving timing.
INFO: [Synth 8-7052] The timing for the instance U_FRAMEBUFFER/mem_reg_1_0__0 (implemented as a Block RAM) might be sub-optimal as no optional output register could be merged into the ram block. Providing additional output register may help in improving timing.
INFO: [Synth 8-7052] The timing for the instance U_FRAMEBUFFER/mem_reg_1_1__0 (implemented as a Block RAM) might be sub-optimal as no optional output register could be merged into the ram block. Providing additional output register may help in improving timing.
INFO: [Synth 8-7052] The timing for the instance U_FRAMEBUFFER/mem_reg_1_1__0 (implemented as a Block RAM) might be sub-optimal as no optional output register could be merged into the ram block. Providing additional output register may help in improving timing.
INFO: [Synth 8-7052] The timing for the instance U_FRAMEBUFFER/mem_reg_1_2__0 (implemented as a Block RAM) might be sub-optimal as no optional output register could be merged into the ram block. Providing additional output register may help in improving timing.
INFO: [Synth 8-7052] The timing for the instance U_FRAMEBUFFER/mem_reg_1_2__0 (implemented as a Block RAM) might be sub-optimal as no optional output register could be merged into the ram block. Providing additional output register may help in improving timing.
INFO: [Synth 8-7052] The timing for the instance U_FRAMEBUFFER/mem_reg_1_3__0 (implemented as a Block RAM) might be sub-optimal as no optional output register could be merged into the ram block. Providing additional output register may help in improving timing.
INFO: [Synth 8-7052] The timing for the instance U_FRAMEBUFFER/mem_reg_1_3__0 (implemented as a Block RAM) might be sub-optimal as no optional output register could be merged into the ram block. Providing additional output register may help in improving timing.
INFO: [Synth 8-7052] The timing for the instance U_FRAMEBUFFER/mem_reg_1_4__0 (implemented as a Block RAM) might be sub-optimal as no optional output register could be merged into the ram block. Providing additional output register may help in improving timing.
INFO: [Synth 8-7052] The timing for the instance U_FRAMEBUFFER/mem_reg_1_4__0 (implemented as a Block RAM) might be sub-optimal as no optional output register could be merged into the ram block. Providing additional output register may help in improving timing.
INFO: [Synth 8-7052] The timing for the instance U_FRAMEBUFFER/mem_reg_1_5__0 (implemented as a Block RAM) might be sub-optimal as no optional output register could be merged into the ram block. Providing additional output register may help in improving timing.
INFO: [Synth 8-7052] The timing for the instance U_FRAMEBUFFER/mem_reg_1_6__0 (implemented as a Block RAM) might be sub-optimal as no optional output register could be merged into the ram block. Providing additional output register may help in improving timing.
INFO: [Synth 8-7052] The timing for the instance U_FRAMEBUFFER/mem_reg_1_7__0 (implemented as a Block RAM) might be sub-optimal as no optional output register could be merged into the ram block. Providing additional output register may help in improving timing.
INFO: [Synth 8-7052] The timing for the instance U_FRAMEBUFFER/mem_reg_1_7__0 (implemented as a Block RAM) might be sub-optimal as no optional output register could be merged into the ram block. Providing additional output register may help in improving timing.
INFO: [Synth 8-7052] The timing for the instance U_FRAMEBUFFER/mem_reg_1_8__0 (implemented as a Block RAM) might be sub-optimal as no optional output register could be merged into the ram block. Providing additional output register may help in improving timing.
INFO: [Synth 8-7052] The timing for the instance U_FRAMEBUFFER/mem_reg_1_8__0 (implemented as a Block RAM) might be sub-optimal as no optional output register could be merged into the ram block. Providing additional output register may help in improving timing.
INFO: [Synth 8-7052] The timing for the instance U_FRAMEBUFFER/mem_reg_1_9__0 (implemented as a Block RAM) might be sub-optimal as no optional output register could be merged into the ram block. Providing additional output register may help in improving timing.
INFO: [Synth 8-7052] The timing for the instance U_FRAMEBUFFER/mem_reg_1_9__0 (implemented as a Block RAM) might be sub-optimal as no optional output register could be merged into the ram block. Providing additional output register may help in improving timing.
INFO: [Synth 8-7052] The timing for the instance U_FRAMEBUFFER/mem_reg_1_10__0 (implemented as a Block RAM) might be sub-optimal as no optional output register could be merged into the ram block. Providing additional output register may help in improving timing.
INFO: [Synth 8-7052] The timing for the instance U_FRAMEBUFFER/mem_reg_1_10__0 (implemented as a Block RAM) might be sub-optimal as no optional output register could be merged into the ram block. Providing additional output register may help in improving timing.
INFO: [Synth 8-7052] The timing for the instance U_FRAMEBUFFER/mem_reg_1_11__0 (implemented as a Block RAM) might be sub-optimal as no optional output register could be merged into the ram block. Providing additional output register may help in improving timing.
INFO: [Synth 8-7052] The timing for the instance U_FRAMEBUFFER/mem_reg_1_12__0 (implemented as a Block RAM) might be sub-optimal as no optional output register could be merged into the ram block. Providing additional output register may help in improving timing.
INFO: [Synth 8-7052] The timing for the instance U_FRAMEBUFFER/mem_reg_1_12__0 (implemented as a Block RAM) might be sub-optimal as no optional output register could be merged into the ram block. Providing additional output register may help in improving timing.
INFO: [Synth 8-7052] The timing for the instance U_FRAMEBUFFER/mem_reg_1_13__0 (implemented as a Block RAM) might be sub-optimal as no optional output register could be merged into the ram block. Providing additional output register may help in improving timing.
INFO: [Synth 8-7052] The timing for the instance U_FRAMEBUFFER/mem_reg_1_13__0 (implemented as a Block RAM) might be sub-optimal as no optional output register could be merged into the ram block. Providing additional output register may help in improving timing.
INFO: [Synth 8-7052] The timing for the instance U_FRAMEBUFFER/mem_reg_1_14__0 (implemented as a Block RAM) might be sub-optimal as no optional output register could be merged into the ram block. Providing additional output register may help in improving timing.
INFO: [Synth 8-7052] The timing for the instance U_FRAMEBUFFER/mem_reg_1_14__0 (implemented as a Block RAM) might be sub-optimal as no optional output register could be merged into the ram block. Providing additional output register may help in improving timing.
INFO: [Synth 8-7052] The timing for the instance U_FRAMEBUFFER/mem_reg_1_15__0 (implemented as a Block RAM) might be sub-optimal as no optional output register could be merged into the ram block. Providing additional output register may help in improving timing.
INFO: [Synth 8-7052] The timing for the instance U_FRAMEBUFFER/mem_reg_1_15__0 (implemented as a Block RAM) might be sub-optimal as no optional output register could be merged into the ram block. Providing additional output register may help in improving timing.
---------------------------------------------------------------------------------
Finished Technology Mapping : Time (s): cpu = 00:00:06 ; elapsed = 00:00:17 . Memory (MB): peak = 1223.887 ; gain = 118.020
---------------------------------------------------------------------------------
---------------------------------------------------------------------------------
Start IO Insertion
---------------------------------------------------------------------------------
---------------------------------------------------------------------------------
Start Flattening Before IO Insertion
---------------------------------------------------------------------------------
---------------------------------------------------------------------------------
Finished Flattening Before IO Insertion
---------------------------------------------------------------------------------
---------------------------------------------------------------------------------
Start Final Netlist Cleanup
---------------------------------------------------------------------------------
---------------------------------------------------------------------------------
Finished Final Netlist Cleanup
---------------------------------------------------------------------------------
---------------------------------------------------------------------------------
Finished IO Insertion : Time (s): cpu = 00:00:06 ; elapsed = 00:00:19 . Memory (MB): peak = 1233.891 ; gain = 128.023
---------------------------------------------------------------------------------
---------------------------------------------------------------------------------
Start Renaming Generated Instances
---------------------------------------------------------------------------------
---------------------------------------------------------------------------------
Finished Renaming Generated Instances : Time (s): cpu = 00:00:06 ; elapsed = 00:00:19 . Memory (MB): peak = 1233.891 ; gain = 128.023
---------------------------------------------------------------------------------
---------------------------------------------------------------------------------
Start Rebuilding User Hierarchy
---------------------------------------------------------------------------------
---------------------------------------------------------------------------------
Finished Rebuilding User Hierarchy : Time (s): cpu = 00:00:06 ; elapsed = 00:00:19 . Memory (MB): peak = 1233.891 ; gain = 128.023
---------------------------------------------------------------------------------
---------------------------------------------------------------------------------
Start Renaming Generated Ports
---------------------------------------------------------------------------------
---------------------------------------------------------------------------------
Finished Renaming Generated Ports : Time (s): cpu = 00:00:06 ; elapsed = 00:00:19 . Memory (MB): peak = 1233.891 ; gain = 128.023
---------------------------------------------------------------------------------
---------------------------------------------------------------------------------
Start Handling Custom Attributes
---------------------------------------------------------------------------------
---------------------------------------------------------------------------------
Finished Handling Custom Attributes : Time (s): cpu = 00:00:06 ; elapsed = 00:00:19 . Memory (MB): peak = 1233.914 ; gain = 128.047
---------------------------------------------------------------------------------
---------------------------------------------------------------------------------
Start Renaming Generated Nets
---------------------------------------------------------------------------------
---------------------------------------------------------------------------------
Finished Renaming Generated Nets : Time (s): cpu = 00:00:06 ; elapsed = 00:00:19 . Memory (MB): peak = 1233.914 ; gain = 128.047
---------------------------------------------------------------------------------
---------------------------------------------------------------------------------
Start Writing Synthesis Report
---------------------------------------------------------------------------------

Report BlackBoxes: 
+-+--------------+----------+
| |BlackBox name |Instances |
+-+--------------+----------+
+-+--------------+----------+

Report Cell Usage: 
+------+---------+------+
|      |Cell     |Count |
+------+---------+------+
|1     |BUFG     |     2|
|2     |CARRY4   |    19|
|3     |DSP48E1  |     1|
|4     |LUT1     |    19|
|5     |LUT2     |   134|
|6     |LUT3     |    51|
|7     |LUT4     |    65|
|8     |LUT5     |    49|
|9     |LUT6     |    82|
|10    |MUXF7    |     2|
|11    |MUXF8    |     1|
|12    |RAMB18E1 |     1|
|13    |RAMB36E1 |    48|
|16    |FDCE     |   103|
|17    |FDRE     |    37|
|18    |FDSE     |     7|
|19    |IBUF     |    14|
|20    |OBUF     |    17|
+------+---------+------+
---------------------------------------------------------------------------------
Finished Writing Synthesis Report : Time (s): cpu = 00:00:06 ; elapsed = 00:00:19 . Memory (MB): peak = 1233.914 ; gain = 128.047
---------------------------------------------------------------------------------
Synthesis finished with 0 errors, 0 critical warnings and 0 warnings.
Synthesis Optimization Runtime : Time (s): cpu = 00:00:06 ; elapsed = 00:00:18 . Memory (MB): peak = 1233.914 ; gain = 55.676
Synthesis Optimization Complete : Time (s): cpu = 00:00:07 ; elapsed = 00:00:20 . Memory (MB): peak = 1233.914 ; gain = 128.047
INFO: [Project 1-571] Translating synthesized netlist
Netlist sorting complete. Time (s): cpu = 00:00:00 ; elapsed = 00:00:00.013 . Memory (MB): peak = 1245.922 ; gain = 0.000
INFO: [Netlist 29-17] Analyzing 72 Unisim elements for replacement
INFO: [Netlist 29-28] Unisim Transformation completed in 0 CPU seconds
INFO: [Project 1-570] Preparing netlist for logic optimization
INFO: [Opt 31-138] Pushed 0 inverter(s) to 0 load pin(s).
Netlist sorting complete. Time (s): cpu = 00:00:00 ; elapsed = 00:00:00 . Memory (MB): peak = 1245.922 ; gain = 0.000
INFO: [Project 1-111] Unisim Transformation Summary:
No Unisim elements were transformed.

INFO: [Common 17-83] Releasing license: Synthesis
110 Infos, 1 Warnings, 0 Critical Warnings and 0 Errors encountered.
synth_design completed successfully
synth_design: Time (s): cpu = 00:00:08 ; elapsed = 00:00:24 . Memory (MB): peak = 1245.922 ; gain = 140.055
INFO: [Common 17-1381] The checkpoint 'C:/Working/CPU/20250602_chromakey1/20250602_chromakey1.runs/synth_1/OV7670_VGA_Display.dcp' has been generated.
INFO: [runtcl-4] Executing : report_utilization -file OV7670_VGA_Display_utilization_synth.rpt -pb OV7670_VGA_Display_utilization_synth.pb
INFO: [Common 17-206] Exiting Vivado at Wed Jun  4 11:37:28 2025...
