
*** Running vivado
    with args -log system_motion_detect_0_2.vds -m64 -product Vivado -mode batch -messageDb vivado.pb -notrace -source system_motion_detect_0_2.tcl



****** Vivado v2020.1 (64-bit)
  **** SW Build 2902540 on Wed May 27 19:54:49 MDT 2020
  **** IP Build 2902112 on Wed May 27 22:43:36 MDT 2020
    ** Copyright 1986-2020 Xilinx, Inc. All Rights Reserved.

source system_motion_detect_0_2.tcl -notrace
INFO: [IP_Flow 19-234] Refreshing IP repositories
INFO: [IP_Flow 19-1700] Loaded user IP repository 'd:/ip_repo/myipSS_1.0'.
INFO: [IP_Flow 19-1700] Loaded user IP repository 'd:/20250716_ov5640/ip_repo'.
INFO: [IP_Flow 19-1700] Loaded user IP repository 'd:/20250716_ov5640/hw.srcs/sources_1/motion'.
INFO: [IP_Flow 19-1700] Loaded user IP repository 'd:/20250716_ov5640/hw.srcs/sources_1/gui'.
INFO: [IP_Flow 19-1700] Loaded user IP repository 'd:/20250716_ov5640/hw.srcs/sources_1/zoom'.
INFO: [IP_Flow 19-1700] Loaded user IP repository 'd:/20250716_ov5640/hw.srcs/sources_1/new'.
INFO: [IP_Flow 19-1700] Loaded user IP repository 'd:/20250716_ov5640/hw.ipdefs/repo'.
INFO: [IP_Flow 19-2313] Loaded Vivado IP repository 'D:/2021.1/Vivado/2020.1/data/ip'.
Command: synth_design -top system_motion_detect_0_2 -part xc7z020clg400-1 -mode out_of_context
Starting synth_design
Attempting to get a license for feature 'Synthesis' and/or device 'xc7z020'
INFO: [Common 17-349] Got license for feature 'Synthesis' and/or device 'xc7z020'
INFO: [Device 21-403] Loading part xc7z020clg400-1
INFO: [Synth 8-7079] Multithreading enabled for synth_design using a maximum of 2 processes.
INFO: [Synth 8-7078] Launching helper process for spawning children vivado processes
INFO: [Synth 8-7075] Helper process launched with PID 3840
---------------------------------------------------------------------------------
Starting RTL Elaboration : Time (s): cpu = 00:00:03 ; elapsed = 00:00:04 . Memory (MB): peak = 1070.418 ; gain = 0.000
---------------------------------------------------------------------------------
INFO: [Synth 8-6157] synthesizing module 'system_motion_detect_0_2' [d:/20250716_ov5640/hw.srcs/sources_1/bd/system/ip/system_motion_detect_0_2/synth/system_motion_detect_0_2.sv:58]
INFO: [Synth 8-6157] synthesizing module 'motion_detect' [d:/20250716_ov5640/hw.srcs/sources_1/bd/system/ipshared/f07d/motion_detect.sv:3]
INFO: [Synth 8-6157] synthesizing module 'masking' [d:/20250716_ov5640/hw.srcs/sources_1/bd/system/ipshared/f07d/motion_detect.sv:97]
	Parameter H_ACTIVE bound to: 1920 - type: integer 
	Parameter V_ACTIVE bound to: 1080 - type: integer 
INFO: [Synth 8-155] case statement is not full and has no default [d:/20250716_ov5640/hw.srcs/sources_1/bd/system/ipshared/f07d/motion_detect.sv:332]
INFO: [Synth 8-6155] done synthesizing module 'masking' (1#1) [d:/20250716_ov5640/hw.srcs/sources_1/bd/system/ipshared/f07d/motion_detect.sv:97]
INFO: [Synth 8-6157] synthesizing module 'Calculator' [d:/20250716_ov5640/hw.srcs/sources_1/bd/system/ipshared/f07d/motion_detect.sv:342]
	Parameter CELL_WIDTH bound to: 32 - type: integer 
	Parameter CELL_HEIGHT bound to: 32 - type: integer 
	Parameter NUM_COLS bound to: 60 - type: integer 
	Parameter NUM_ROWS bound to: 34 - type: integer 
INFO: [Synth 8-6155] done synthesizing module 'Calculator' (2#1) [d:/20250716_ov5640/hw.srcs/sources_1/bd/system/ipshared/f07d/motion_detect.sv:342]
INFO: [Synth 8-6155] done synthesizing module 'motion_detect' (3#1) [d:/20250716_ov5640/hw.srcs/sources_1/bd/system/ipshared/f07d/motion_detect.sv:3]
INFO: [Synth 8-6155] done synthesizing module 'system_motion_detect_0_2' (4#1) [d:/20250716_ov5640/hw.srcs/sources_1/bd/system/ip/system_motion_detect_0_2/synth/system_motion_detect_0_2.sv:58]
---------------------------------------------------------------------------------
Finished RTL Elaboration : Time (s): cpu = 00:00:04 ; elapsed = 00:00:05 . Memory (MB): peak = 1092.414 ; gain = 21.996
---------------------------------------------------------------------------------
---------------------------------------------------------------------------------
Start Handling Custom Attributes
---------------------------------------------------------------------------------
---------------------------------------------------------------------------------
Finished Handling Custom Attributes : Time (s): cpu = 00:00:05 ; elapsed = 00:00:06 . Memory (MB): peak = 1092.414 ; gain = 21.996
---------------------------------------------------------------------------------
---------------------------------------------------------------------------------
Finished RTL Optimization Phase 1 : Time (s): cpu = 00:00:05 ; elapsed = 00:00:06 . Memory (MB): peak = 1092.414 ; gain = 21.996
---------------------------------------------------------------------------------
Netlist sorting complete. Time (s): cpu = 00:00:00 ; elapsed = 00:00:00.013 . Memory (MB): peak = 1092.414 ; gain = 0.000
INFO: [Project 1-570] Preparing netlist for logic optimization

Processing XDC Constraints
Initializing timing engine
Completed Processing XDC Constraints

Netlist sorting complete. Time (s): cpu = 00:00:00 ; elapsed = 00:00:00 . Memory (MB): peak = 1189.559 ; gain = 0.000
INFO: [Project 1-111] Unisim Transformation Summary:
No Unisim elements were transformed.

Constraint Validation Runtime : Time (s): cpu = 00:00:00 ; elapsed = 00:00:00.026 . Memory (MB): peak = 1189.730 ; gain = 0.172
---------------------------------------------------------------------------------
Finished Constraint Validation : Time (s): cpu = 00:00:09 ; elapsed = 00:00:10 . Memory (MB): peak = 1189.730 ; gain = 119.312
---------------------------------------------------------------------------------
---------------------------------------------------------------------------------
Start Loading Part and Timing Information
---------------------------------------------------------------------------------
Loading part: xc7z020clg400-1
---------------------------------------------------------------------------------
Finished Loading Part and Timing Information : Time (s): cpu = 00:00:09 ; elapsed = 00:00:10 . Memory (MB): peak = 1189.730 ; gain = 119.312
---------------------------------------------------------------------------------
---------------------------------------------------------------------------------
Start Applying 'set_property' XDC Constraints
---------------------------------------------------------------------------------
---------------------------------------------------------------------------------
Finished applying 'set_property' XDC Constraints : Time (s): cpu = 00:00:09 ; elapsed = 00:00:10 . Memory (MB): peak = 1189.730 ; gain = 119.312
---------------------------------------------------------------------------------
---------------------------------------------------------------------------------
Finished RTL Optimization Phase 2 : Time (s): cpu = 00:00:10 ; elapsed = 00:00:11 . Memory (MB): peak = 1189.730 ; gain = 119.312
---------------------------------------------------------------------------------
---------------------------------------------------------------------------------
Start RTL Component Statistics 
---------------------------------------------------------------------------------
Detailed RTL Component Info : 
+---Adders : 
	   4 Input   32 Bit       Adders := 2     
	   2 Input   32 Bit       Adders := 3     
	   2 Input   16 Bit       Adders := 2     
	   4 Input   12 Bit       Adders := 1     
	   2 Input   12 Bit       Adders := 3     
	   2 Input   11 Bit       Adders := 9     
	   3 Input    9 Bit       Adders := 2     
	   3 Input    8 Bit       Adders := 2     
	   2 Input    8 Bit       Adders := 2     
	   8 Input    4 Bit       Adders := 1     
	   2 Input    4 Bit       Adders := 1     
	   2 Input    2 Bit       Adders := 1     
+---Registers : 
	               32 Bit    Registers := 6     
	               24 Bit    Registers := 1     
	               21 Bit    Registers := 1     
	               12 Bit    Registers := 15    
	               11 Bit    Registers := 13    
	               10 Bit    Registers := 6     
	                9 Bit    Registers := 2     
	                8 Bit    Registers := 17    
	                7 Bit    Registers := 8     
	                6 Bit    Registers := 2     
	                5 Bit    Registers := 3     
	                4 Bit    Registers := 3     
	                2 Bit    Registers := 4     
	                1 Bit    Registers := 15    
+---RAMs : 
	              63K Bit	(2040 X 32 bit)          RAMs := 3     
	              15K Bit	(2040 X 8 bit)          RAMs := 4     
	               7K Bit	(2040 X 4 bit)          RAMs := 2     
+---Muxes : 
	   4 Input   24 Bit        Muxes := 1     
	   2 Input   24 Bit        Muxes := 1     
	   3 Input   21 Bit        Muxes := 1     
	   2 Input   16 Bit        Muxes := 2     
	   2 Input   12 Bit        Muxes := 3     
	   2 Input    8 Bit        Muxes := 4     
	   3 Input    7 Bit        Muxes := 2     
	   5 Input    7 Bit        Muxes := 2     
	   2 Input    6 Bit        Muxes := 1     
	   4 Input    5 Bit        Muxes := 2     
	   2 Input    4 Bit        Muxes := 4     
	   5 Input    3 Bit        Muxes := 1     
	   2 Input    3 Bit        Muxes := 2     
	   2 Input    2 Bit        Muxes := 1     
	   4 Input    2 Bit        Muxes := 1     
	   2 Input    1 Bit        Muxes := 12    
	   4 Input    1 Bit        Muxes := 3     
---------------------------------------------------------------------------------
Finished RTL Component Statistics 
---------------------------------------------------------------------------------
---------------------------------------------------------------------------------
Start Part Resource Summary
---------------------------------------------------------------------------------
Part Resources:
DSPs: 220 (col length:60)
BRAMs: 280 (col length: RAMB18 60 RAMB36 30)
---------------------------------------------------------------------------------
Finished Part Resource Summary
---------------------------------------------------------------------------------
---------------------------------------------------------------------------------
Start Cross Boundary and Area Optimization
---------------------------------------------------------------------------------
---------------------------------------------------------------------------------
Finished Cross Boundary and Area Optimization : Time (s): cpu = 00:00:13 ; elapsed = 00:00:15 . Memory (MB): peak = 1189.730 ; gain = 119.312
---------------------------------------------------------------------------------
---------------------------------------------------------------------------------
Start ROM, RAM, DSP and Shift Register Reporting
---------------------------------------------------------------------------------

Block RAM: Preliminary Mapping	Report (see note below)
+-------------------------+--------------------------------------------+------------------------+---+---+------------------------+---+---+------------------+--------+--------+
|Module Name              | RTL Object                                 | PORT A (Depth x Width) | W | R | PORT B (Depth x Width) | W | R | Ports driving FF | RAMB18 | RAMB36 | 
+-------------------------+--------------------------------------------+------------------------+---+---+------------------------+---+---+------------------+--------+--------+
|system_motion_detect_0_2 | inst/u_masking/sum_all_Cb_reg              | 1 K x 32(READ_FIRST)   | W |   | 1 K x 32(WRITE_FIRST)  |   | R | Port A and B     | 0      | 2      | 
|system_motion_detect_0_2 | inst/u_masking/sum_all_Cr_reg              | 1 K x 32(READ_FIRST)   | W |   | 1 K x 32(WRITE_FIRST)  |   | R | Port A and B     | 0      | 2      | 
|system_motion_detect_0_2 | inst/u_masking/sum_all_Y_reg               | 1 K x 32(READ_FIRST)   | W |   | 1 K x 32(WRITE_FIRST)  |   | R | Port A and B     | 0      | 2      | 
|system_motion_detect_0_2 | inst/u_Calculator/motion_score_erosion_reg | 1 K x 4(READ_FIRST)    | W |   | 1 K x 4(WRITE_FIRST)   |   | R | Port A and B     | 1      | 0      | 
|system_motion_detect_0_2 | inst/u_Calculator/frame_buffer_2_reg       | 1 K x 8(READ_FIRST)    | W |   | 1 K x 8(WRITE_FIRST)   |   | R | Port A and B     | 1      | 0      | 
|system_motion_detect_0_2 | inst/u_Calculator/frame_buffer_1_reg       | 1 K x 8(READ_FIRST)    | W |   | 1 K x 8(WRITE_FIRST)   |   | R | Port A and B     | 1      | 0      | 
|system_motion_detect_0_2 | inst/u_Calculator/frame_buffer_0_reg       | 1 K x 8(READ_FIRST)    | W |   | 1 K x 8(WRITE_FIRST)   |   | R | Port A and B     | 1      | 0      | 
|system_motion_detect_0_2 | inst/u_Calculator/diff_prev_reg            | 1 K x 8(READ_FIRST)    | W |   | 1 K x 8(WRITE_FIRST)   |   | R | Port A and B     | 1      | 0      | 
+-------------------------+--------------------------------------------+------------------------+---+---+------------------------+---+---+------------------+--------+--------+

Note: The table above is a preliminary report that shows the Block RAMs at the current stage of the synthesis flow. Some Block RAMs may be reimplemented as non Block RAM primitives later in the synthesis flow. Multiple instantiated Block RAMs are reported only once. 

Distributed RAM: Preliminary Mapping	Report (see note below)
+-------------------------+------------------------------------+-----------+----------------------+------------------------------+
|Module Name              | RTL Object                         | Inference | Size (Depth x Width) | Primitives                   | 
+-------------------------+------------------------------------+-----------+----------------------+------------------------------+
|system_motion_detect_0_2 | inst/u_Calculator/motion_score_reg | Implied   | 2 K x 4              | RAM64X1D x 288	RAM64M x 288	 | 
+-------------------------+------------------------------------+-----------+----------------------+------------------------------+

Note: The table above is a preliminary report that shows the Distributed RAMs at the current stage of the synthesis flow. Some Distributed RAMs may be reimplemented as non Distributed RAM primitives later in the synthesis flow. Multiple instantiated RAMs are reported only once.
---------------------------------------------------------------------------------
Finished ROM, RAM, DSP and Shift Register Reporting
---------------------------------------------------------------------------------
---------------------------------------------------------------------------------
Start Applying XDC Timing Constraints
---------------------------------------------------------------------------------
---------------------------------------------------------------------------------
Finished Applying XDC Timing Constraints : Time (s): cpu = 00:00:19 ; elapsed = 00:00:21 . Memory (MB): peak = 1189.730 ; gain = 119.312
---------------------------------------------------------------------------------
---------------------------------------------------------------------------------
Start Timing Optimization
---------------------------------------------------------------------------------
---------------------------------------------------------------------------------
Finished Timing Optimization : Time (s): cpu = 00:00:19 ; elapsed = 00:00:21 . Memory (MB): peak = 1189.730 ; gain = 119.312
---------------------------------------------------------------------------------
---------------------------------------------------------------------------------
Start ROM, RAM, DSP and Shift Register Reporting
---------------------------------------------------------------------------------

Block RAM: Final Mapping	Report
+-------------------------+--------------------------------------------+------------------------+---+---+------------------------+---+---+------------------+--------+--------+
|Module Name              | RTL Object                                 | PORT A (Depth x Width) | W | R | PORT B (Depth x Width) | W | R | Ports driving FF | RAMB18 | RAMB36 | 
+-------------------------+--------------------------------------------+------------------------+---+---+------------------------+---+---+------------------+--------+--------+
|system_motion_detect_0_2 | inst/u_masking/sum_all_Cb_reg              | 1 K x 32(READ_FIRST)   | W |   | 1 K x 32(WRITE_FIRST)  |   | R | Port A and B     | 0      | 2      | 
|system_motion_detect_0_2 | inst/u_masking/sum_all_Cr_reg              | 1 K x 32(READ_FIRST)   | W |   | 1 K x 32(WRITE_FIRST)  |   | R | Port A and B     | 0      | 2      | 
|system_motion_detect_0_2 | inst/u_masking/sum_all_Y_reg               | 1 K x 32(READ_FIRST)   | W |   | 1 K x 32(WRITE_FIRST)  |   | R | Port A and B     | 0      | 2      | 
|system_motion_detect_0_2 | inst/u_Calculator/motion_score_erosion_reg | 1 K x 4(READ_FIRST)    | W |   | 1 K x 4(WRITE_FIRST)   |   | R | Port A and B     | 1      | 0      | 
|system_motion_detect_0_2 | inst/u_Calculator/frame_buffer_2_reg       | 1 K x 8(READ_FIRST)    | W |   | 1 K x 8(WRITE_FIRST)   |   | R | Port A and B     | 1      | 0      | 
|system_motion_detect_0_2 | inst/u_Calculator/frame_buffer_1_reg       | 1 K x 8(READ_FIRST)    | W |   | 1 K x 8(WRITE_FIRST)   |   | R | Port A and B     | 1      | 0      | 
|system_motion_detect_0_2 | inst/u_Calculator/frame_buffer_0_reg       | 1 K x 8(READ_FIRST)    | W |   | 1 K x 8(WRITE_FIRST)   |   | R | Port A and B     | 1      | 0      | 
|system_motion_detect_0_2 | inst/u_Calculator/diff_prev_reg            | 1 K x 8(READ_FIRST)    | W |   | 1 K x 8(WRITE_FIRST)   |   | R | Port A and B     | 1      | 0      | 
+-------------------------+--------------------------------------------+------------------------+---+---+------------------------+---+---+------------------+--------+--------+


Distributed RAM: Final Mapping	Report
+-------------------------+------------------------------------+-----------+----------------------+------------------------------+
|Module Name              | RTL Object                         | Inference | Size (Depth x Width) | Primitives                   | 
+-------------------------+------------------------------------+-----------+----------------------+------------------------------+
|system_motion_detect_0_2 | inst/u_Calculator/motion_score_reg | Implied   | 2 K x 4              | RAM64X1D x 288	RAM64M x 288	 | 
+-------------------------+------------------------------------+-----------+----------------------+------------------------------+

---------------------------------------------------------------------------------
Finished ROM, RAM, DSP and Shift Register Reporting
---------------------------------------------------------------------------------
---------------------------------------------------------------------------------
Start Technology Mapping
---------------------------------------------------------------------------------
INFO: [Synth 8-7052] The timing for the instance inst/u_masking/sum_all_Cb_reg_0 (implemented as a Block RAM) might be sub-optimal as no optional output register could be merged into the ram block. Providing additional output register may help in improving timing.
INFO: [Synth 8-7052] The timing for the instance inst/u_masking/sum_all_Cb_reg_1 (implemented as a Block RAM) might be sub-optimal as no optional output register could be merged into the ram block. Providing additional output register may help in improving timing.
INFO: [Synth 8-7052] The timing for the instance inst/u_masking/sum_all_Cr_reg_0 (implemented as a Block RAM) might be sub-optimal as no optional output register could be merged into the ram block. Providing additional output register may help in improving timing.
INFO: [Synth 8-7052] The timing for the instance inst/u_masking/sum_all_Cr_reg_1 (implemented as a Block RAM) might be sub-optimal as no optional output register could be merged into the ram block. Providing additional output register may help in improving timing.
INFO: [Synth 8-7052] The timing for the instance inst/u_masking/sum_all_Y_reg_0 (implemented as a Block RAM) might be sub-optimal as no optional output register could be merged into the ram block. Providing additional output register may help in improving timing.
INFO: [Synth 8-7052] The timing for the instance inst/u_Calculator/motion_score_erosion_reg (implemented as a Block RAM) might be sub-optimal as no optional output register could be merged into the ram block. Providing additional output register may help in improving timing.
INFO: [Synth 8-7052] The timing for the instance inst/u_Calculator/frame_buffer_2_reg (implemented as a Block RAM) might be sub-optimal as no optional output register could be merged into the ram block. Providing additional output register may help in improving timing.
INFO: [Synth 8-7052] The timing for the instance inst/u_Calculator/frame_buffer_1_reg (implemented as a Block RAM) might be sub-optimal as no optional output register could be merged into the ram block. Providing additional output register may help in improving timing.
INFO: [Synth 8-7052] The timing for the instance inst/u_Calculator/frame_buffer_0_reg (implemented as a Block RAM) might be sub-optimal as no optional output register could be merged into the ram block. Providing additional output register may help in improving timing.
INFO: [Synth 8-7052] The timing for the instance inst/u_Calculator/diff_prev_reg (implemented as a Block RAM) might be sub-optimal as no optional output register could be merged into the ram block. Providing additional output register may help in improving timing.
---------------------------------------------------------------------------------
Finished Technology Mapping : Time (s): cpu = 00:00:20 ; elapsed = 00:00:21 . Memory (MB): peak = 1210.473 ; gain = 140.055
---------------------------------------------------------------------------------
---------------------------------------------------------------------------------
Start IO Insertion
---------------------------------------------------------------------------------
---------------------------------------------------------------------------------
Start Flattening Before IO Insertion
---------------------------------------------------------------------------------
---------------------------------------------------------------------------------
Finished Flattening Before IO Insertion
---------------------------------------------------------------------------------
---------------------------------------------------------------------------------
Start Final Netlist Cleanup
---------------------------------------------------------------------------------
---------------------------------------------------------------------------------
Finished Final Netlist Cleanup
---------------------------------------------------------------------------------
---------------------------------------------------------------------------------
Finished IO Insertion : Time (s): cpu = 00:00:22 ; elapsed = 00:00:24 . Memory (MB): peak = 1212.902 ; gain = 142.484
---------------------------------------------------------------------------------
---------------------------------------------------------------------------------
Start Renaming Generated Instances
---------------------------------------------------------------------------------
---------------------------------------------------------------------------------
Finished Renaming Generated Instances : Time (s): cpu = 00:00:22 ; elapsed = 00:00:24 . Memory (MB): peak = 1212.902 ; gain = 142.484
---------------------------------------------------------------------------------
---------------------------------------------------------------------------------
Start Rebuilding User Hierarchy
---------------------------------------------------------------------------------
---------------------------------------------------------------------------------
Finished Rebuilding User Hierarchy : Time (s): cpu = 00:00:22 ; elapsed = 00:00:24 . Memory (MB): peak = 1212.902 ; gain = 142.484
---------------------------------------------------------------------------------
---------------------------------------------------------------------------------
Start Renaming Generated Ports
---------------------------------------------------------------------------------
---------------------------------------------------------------------------------
Finished Renaming Generated Ports : Time (s): cpu = 00:00:22 ; elapsed = 00:00:24 . Memory (MB): peak = 1212.902 ; gain = 142.484
---------------------------------------------------------------------------------
---------------------------------------------------------------------------------
Start Handling Custom Attributes
---------------------------------------------------------------------------------
---------------------------------------------------------------------------------
Finished Handling Custom Attributes : Time (s): cpu = 00:00:22 ; elapsed = 00:00:24 . Memory (MB): peak = 1212.926 ; gain = 142.508
---------------------------------------------------------------------------------
---------------------------------------------------------------------------------
Start Renaming Generated Nets
---------------------------------------------------------------------------------
---------------------------------------------------------------------------------
Finished Renaming Generated Nets : Time (s): cpu = 00:00:22 ; elapsed = 00:00:24 . Memory (MB): peak = 1212.926 ; gain = 142.508
---------------------------------------------------------------------------------
---------------------------------------------------------------------------------
Start Writing Synthesis Report
---------------------------------------------------------------------------------

Report BlackBoxes: 
+-+--------------+----------+
| |BlackBox name |Instances |
+-+--------------+----------+
+-+--------------+----------+

Report Cell Usage: 
+------+---------+------+
|      |Cell     |Count |
+------+---------+------+
|1     |CARRY4   |   159|
|2     |LUT1     |    51|
|3     |LUT2     |   394|
|4     |LUT3     |   137|
|5     |LUT4     |   209|
|6     |LUT5     |    58|
|7     |LUT6     |   258|
|8     |MUXF7    |    80|
|9     |MUXF8    |    32|
|10    |RAM64M   |   288|
|11    |RAM64X1D |   288|
|12    |RAMB18E1 |     5|
|13    |RAMB36E1 |     5|
|14    |FDRE     |   684|
|15    |FDSE     |    24|
+------+---------+------+
---------------------------------------------------------------------------------
Finished Writing Synthesis Report : Time (s): cpu = 00:00:22 ; elapsed = 00:00:24 . Memory (MB): peak = 1212.926 ; gain = 142.508
---------------------------------------------------------------------------------
Synthesis finished with 0 errors, 0 critical warnings and 0 warnings.
Synthesis Optimization Runtime : Time (s): cpu = 00:00:16 ; elapsed = 00:00:23 . Memory (MB): peak = 1212.926 ; gain = 45.191
Synthesis Optimization Complete : Time (s): cpu = 00:00:22 ; elapsed = 00:00:24 . Memory (MB): peak = 1212.926 ; gain = 142.508
INFO: [Project 1-571] Translating synthesized netlist
Netlist sorting complete. Time (s): cpu = 00:00:00 ; elapsed = 00:00:00.029 . Memory (MB): peak = 1224.969 ; gain = 0.000
INFO: [Netlist 29-17] Analyzing 857 Unisim elements for replacement
INFO: [Netlist 29-28] Unisim Transformation completed in 0 CPU seconds
INFO: [Project 1-570] Preparing netlist for logic optimization
INFO: [Opt 31-138] Pushed 0 inverter(s) to 0 load pin(s).
Netlist sorting complete. Time (s): cpu = 00:00:00 ; elapsed = 00:00:00.003 . Memory (MB): peak = 1227.445 ; gain = 0.000
INFO: [Project 1-111] Unisim Transformation Summary:
  A total of 576 instances were transformed.
  RAM64M => RAM64M (RAMD64E(x4)): 288 instances
  RAM64X1D => RAM64X1D (RAMD64E(x2)): 288 instances

INFO: [Common 17-83] Releasing license: Synthesis
42 Infos, 0 Warnings, 0 Critical Warnings and 0 Errors encountered.
synth_design completed successfully
synth_design: Time (s): cpu = 00:00:28 ; elapsed = 00:00:31 . Memory (MB): peak = 1227.445 ; gain = 157.027
INFO: [Common 17-1381] The checkpoint 'D:/20250716_ov5640/hw.runs/system_motion_detect_0_2_synth_1/system_motion_detect_0_2.dcp' has been generated.
WARNING: [Common 17-576] 'use_project_ipc' is deprecated. This option is deprecated and no longer used.
INFO: [Coretcl 2-1648] Added synthesis output to IP cache for IP system_motion_detect_0_2, cache-ID = aafb0d641ada846d
INFO: [Coretcl 2-1174] Renamed 3 cell refs.
INFO: [Common 17-1381] The checkpoint 'D:/20250716_ov5640/hw.runs/system_motion_detect_0_2_synth_1/system_motion_detect_0_2.dcp' has been generated.
INFO: [runtcl-4] Executing : report_utilization -file system_motion_detect_0_2_utilization_synth.rpt -pb system_motion_detect_0_2_utilization_synth.pb
INFO: [Common 17-206] Exiting Vivado at Sat Jul 26 10:58:31 2025...
